<?xml version="1.0" encoding="UTF-8"?>
<testng-results skipped="0" failed="0" ignored="0" total="1" passed="1">
  <reporter-output>
  </reporter-output>
  <suite name="Default suite" duration-ms="29625" started-at="2017-06-19T06:01:23Z" finished-at="2017-06-19T06:01:53Z">
    <groups>
    </groups>
    <test name="Default test" duration-ms="29625" started-at="2017-06-19T06:01:23Z" finished-at="2017-06-19T06:01:53Z">
      <class name="pack1.NewTest01">
        <test-method status="PASS" signature="f()[pri:0, instance:pack1.NewTest01@4b9e13df]" name="f" duration-ms="29596" started-at="2017-06-19T11:31:23Z" finished-at="2017-06-19T11:31:53Z">
          <reporter-output>
          </reporter-output>
        </test-method> <!-- f -->
      </class> <!-- pack1.NewTest01 -->
    </test> <!-- Default test -->
  </suite> <!-- Default suite -->
</testng-results>
