<?xml version="1.0" encoding="UTF-8"?>
<!-- Generated by org.testng.reporters.JUnitXMLReporter -->
<testsuite hostname="Rajesh-PC" ignored="1" name="Default test" tests="1" failures="0" timestamp="22 Jun 2017 07:02:44 GMT" time="33.839" errors="0">
  <testcase name="testCandidateLogin" time="26.067" classname="homepage.LocationSearch"/>
  <testcase name="searchwithlocationfilter" time="0.0" classname="homepage.LocationSearch">
    <ignored/>
  </testcase> <!-- searchwithlocationfilter -->
</testsuite> <!-- Default test -->
