<?xml version="1.0" encoding="UTF-8"?>
<testng-results skipped="0" failed="0" ignored="0" total="1" passed="1">
  <reporter-output>
  </reporter-output>
  <suite name="Default suite" duration-ms="22045" started-at="2017-06-21T13:34:15Z" finished-at="2017-06-21T13:34:37Z">
    <groups>
    </groups>
    <test name="Default test" duration-ms="22045" started-at="2017-06-21T13:34:15Z" finished-at="2017-06-21T13:34:37Z">
      <class name="homepage.LocationSearch">
        <test-method status="PASS" signature="setUp()[pri:0, instance:homepage.LocationSearch@f6c48ac]" name="setUp" is-config="true" duration-ms="7970" started-at="2017-06-21T19:04:15Z" finished-at="2017-06-21T19:04:23Z">
          <reporter-output>
          </reporter-output>
        </test-method> <!-- setUp -->
        <test-method status="PASS" signature="testCandidateLogin()[pri:1, instance:homepage.LocationSearch@f6c48ac]" name="testCandidateLogin" duration-ms="14037" started-at="2017-06-21T19:04:23Z" finished-at="2017-06-21T19:04:37Z">
          <reporter-output>
          </reporter-output>
        </test-method> <!-- testCandidateLogin -->
        <test-method status="PASS" signature="tearDown()[pri:0, instance:homepage.LocationSearch@f6c48ac]" name="tearDown" is-config="true" duration-ms="0" started-at="2017-06-21T19:04:37Z" finished-at="2017-06-21T19:04:37Z">
          <reporter-output>
          </reporter-output>
        </test-method> <!-- tearDown -->
      </class> <!-- homepage.LocationSearch -->
    </test> <!-- Default test -->
  </suite> <!-- Default suite -->
</testng-results>
